{"/home/ubuntu/workspace/lecture-npmdeploy/dist/index.js":{"path":"/home/ubuntu/workspace/lecture-npmdeploy/dist/index.js","s":{"1":1,"2":1,"3":1,"4":1,"5":5,"6":1,"7":1,"8":3,"9":1},"b":{},"f":{"1":5,"2":3},"fnMap":{"1":{"name":"getPlural","line":10,"loc":{"start":{"line":10,"column":0},"end":{"line":10,"column":24}}},"2":{"name":"getSingular","line":19,"loc":{"start":{"line":19,"column":0},"end":{"line":19,"column":26}}}},"statementMap":{"1":{"start":{"line":2,"column":0},"end":{"line":2,"column":62}},"2":{"start":{"line":3,"column":0},"end":{"line":3,"column":49}},"3":{"start":{"line":4,"column":0},"end":{"line":4,"column":39}},"4":{"start":{"line":10,"column":0},"end":{"line":12,"column":1}},"5":{"start":{"line":11,"column":4},"end":{"line":11,"column":33}},"6":{"start":{"line":13,"column":0},"end":{"line":13,"column":30}},"7":{"start":{"line":19,"column":0},"end":{"line":21,"column":1}},"8":{"start":{"line":20,"column":4},"end":{"line":20,"column":35}},"9":{"start":{"line":22,"column":0},"end":{"line":22,"column":34}}},"branchMap":{}}}